{
  "stats": {
    "suites": 8,
    "tests": 11,
    "passes": 11,
    "pending": 0,
    "failures": 0,
    "start": "2023-10-15T14:28:21.369Z",
    "end": "2023-10-15T14:28:22.512Z",
    "duration": 1143,
    "testsRegistered": 11,
    "passPercent": 100,
    "pendingPercent": 0,
    "other": 0,
    "hasOther": false,
    "skipped": 0,
    "hasSkipped": false
  },
  "results": [
    {
      "uuid": "4ba1ea42-5139-4d05-b2b0-e04903a01eb8",
      "title": "",
      "fullFile": "",
      "file": "",
      "beforeHooks": [],
      "afterHooks": [],
      "tests": [],
      "suites": [
        {
          "uuid": "5bcbf3b4-396e-4629-a820-7024e5126bd6",
          "title": "Add Category",
          "fullFile": "C:\\Users\\RYZEN 5\\Karir\\Belajar\\Sanber\\QA Automation\\pekanan4-api-automation\\suites\\testCategories.js",
          "file": "\\suites\\testCategories.js",
          "beforeHooks": [
            {
              "title": "\"before all\" hook in \"Add Category\"",
              "fullTitle": "Add Category \"before all\" hook in \"Add Category\"",
              "timedOut": false,
              "duration": 443,
              "state": null,
              "speed": null,
              "pass": false,
              "fail": false,
              "pending": false,
              "context": null,
              "code": "const loginResponse = await login(dataLogin);\naccessToken = loginResponse.body.data.accessToken;",
              "err": {},
              "uuid": "52f5e39d-4ca4-4713-9dfc-a847449310e0",
              "parentUUID": "5bcbf3b4-396e-4629-a820-7024e5126bd6",
              "isHook": true,
              "skipped": false
            }
          ],
          "afterHooks": [],
          "tests": [
            {
              "title": "Add Category Success (Response 201)",
              "fullTitle": "Add Category Add Category Success (Response 201)",
              "timedOut": false,
              "duration": 60,
              "state": "passed",
              "speed": "medium",
              "pass": true,
              "fail": false,
              "pending": false,
              "context": null,
              "code": "response = await createCategory(dataCategories, accessToken);\n expect(response.status).to.equal(201);\n categoryId = response.body.data.categoryId;",
              "err": {},
              "uuid": "4086d4e1-e764-431f-b246-4000010433ad",
              "parentUUID": "5bcbf3b4-396e-4629-a820-7024e5126bd6",
              "isHook": false,
              "skipped": false
            },
            {
              "title": "Validate add category name",
              "fullTitle": "Add Category Validate add category name",
              "timedOut": false,
              "duration": 60,
              "state": "passed",
              "speed": "medium",
              "pass": true,
              "fail": false,
              "pending": false,
              "context": null,
              "code": "const response = await updateCategory(categoryId, accessToken, dataCategories);\nexpect(response.body.data).to.have.property('name').to.equal(dataCategories.name);",
              "err": {},
              "uuid": "9cfa0bf9-45a7-47ea-9b0f-bb1025216a09",
              "parentUUID": "5bcbf3b4-396e-4629-a820-7024e5126bd6",
              "isHook": false,
              "skipped": false
            }
          ],
          "suites": [],
          "passes": [
            "4086d4e1-e764-431f-b246-4000010433ad",
            "9cfa0bf9-45a7-47ea-9b0f-bb1025216a09"
          ],
          "failures": [],
          "pending": [],
          "skipped": [],
          "duration": 120,
          "root": false,
          "rootEmpty": false,
          "_timeout": 2000
        },
        {
          "uuid": "22c0254f-4913-4b53-8f6e-128474148ccb",
          "title": "Negative Case - Create Category",
          "fullFile": "C:\\Users\\RYZEN 5\\Karir\\Belajar\\Sanber\\QA Automation\\pekanan4-api-automation\\suites\\testCategories.js",
          "file": "\\suites\\testCategories.js",
          "beforeHooks": [],
          "afterHooks": [],
          "tests": [
            {
              "title": "Display invalid data response",
              "fullTitle": "Negative Case - Create Category Display invalid data response",
              "timedOut": false,
              "duration": 77,
              "state": "passed",
              "speed": "slow",
              "pass": true,
              "fail": false,
              "pending": false,
              "context": null,
              "code": "const invalidCategory = {}; \nconst response = await createCategory(invalidCategory, accessToken);\nexpect(response.status).to.equal(400);",
              "err": {},
              "uuid": "c8e55c2b-d7c4-432d-8ea0-042b49a7cc38",
              "parentUUID": "22c0254f-4913-4b53-8f6e-128474148ccb",
              "isHook": false,
              "skipped": false
            }
          ],
          "suites": [],
          "passes": [
            "c8e55c2b-d7c4-432d-8ea0-042b49a7cc38"
          ],
          "failures": [],
          "pending": [],
          "skipped": [],
          "duration": 77,
          "root": false,
          "rootEmpty": false,
          "_timeout": 2000
        },
        {
          "uuid": "b0526303-e030-426b-872f-2f543dabacd0",
          "title": "Get Category",
          "fullFile": "C:\\Users\\RYZEN 5\\Karir\\Belajar\\Sanber\\QA Automation\\pekanan4-api-automation\\suites\\testCategories.js",
          "file": "\\suites\\testCategories.js",
          "beforeHooks": [],
          "afterHooks": [],
          "tests": [
            {
              "title": "Get category Success ( Response 200 )",
              "fullTitle": "Get Category Get category Success ( Response 200 )",
              "timedOut": false,
              "duration": 58,
              "state": "passed",
              "speed": "medium",
              "pass": true,
              "fail": false,
              "pending": false,
              "context": null,
              "code": "const selectCategoryResponse = await getCategory(categoryId, accessToken);\nexpect(selectCategoryResponse.status).to.equal(200);",
              "err": {},
              "uuid": "41ae012d-f8a4-471d-b264-6ac564d67da8",
              "parentUUID": "b0526303-e030-426b-872f-2f543dabacd0",
              "isHook": false,
              "skipped": false
            }
          ],
          "suites": [],
          "passes": [
            "41ae012d-f8a4-471d-b264-6ac564d67da8"
          ],
          "failures": [],
          "pending": [],
          "skipped": [],
          "duration": 58,
          "root": false,
          "rootEmpty": false,
          "_timeout": 2000
        },
        {
          "uuid": "2ae874e2-bf2e-46ca-b24f-4ee578a04919",
          "title": "Negative Case - Get Category",
          "fullFile": "C:\\Users\\RYZEN 5\\Karir\\Belajar\\Sanber\\QA Automation\\pekanan4-api-automation\\suites\\testCategories.js",
          "file": "\\suites\\testCategories.js",
          "beforeHooks": [],
          "afterHooks": [],
          "tests": [
            {
              "title": "Display invalid data response",
              "fullTitle": "Negative Case - Get Category Display invalid data response",
              "timedOut": false,
              "duration": 61,
              "state": "passed",
              "speed": "medium",
              "pass": true,
              "fail": false,
              "pending": false,
              "context": null,
              "code": "const nonExistentCategoryId = 'non_existent_category_id';\nconst response = await getCategory(nonExistentCategoryId, accessToken);\nexpect(response.status).to.equal(404);",
              "err": {},
              "uuid": "3862d575-ea84-4be4-b1e2-945f7e12cffa",
              "parentUUID": "2ae874e2-bf2e-46ca-b24f-4ee578a04919",
              "isHook": false,
              "skipped": false
            }
          ],
          "suites": [],
          "passes": [
            "3862d575-ea84-4be4-b1e2-945f7e12cffa"
          ],
          "failures": [],
          "pending": [],
          "skipped": [],
          "duration": 61,
          "root": false,
          "rootEmpty": false,
          "_timeout": 2000
        },
        {
          "uuid": "71311462-6bb7-40e3-a29e-4e9cc7b92d10",
          "title": "Update Category",
          "fullFile": "C:\\Users\\RYZEN 5\\Karir\\Belajar\\Sanber\\QA Automation\\pekanan4-api-automation\\suites\\testCategories.js",
          "file": "\\suites\\testCategories.js",
          "beforeHooks": [],
          "afterHooks": [],
          "tests": [
            {
              "title": "Update category Success ( Response 200 )",
              "fullTitle": "Update Category Update category Success ( Response 200 )",
              "timedOut": false,
              "duration": 59,
              "state": "passed",
              "speed": "medium",
              "pass": true,
              "fail": false,
              "pending": false,
              "context": null,
              "code": "const response = await updateCategory(categoryId, accessToken, updateCategories);\nexpect(response.status).to.equal(200);",
              "err": {},
              "uuid": "9efc5d8a-6041-455e-8739-dcbf4bcbcd40",
              "parentUUID": "71311462-6bb7-40e3-a29e-4e9cc7b92d10",
              "isHook": false,
              "skipped": false
            },
            {
              "title": "Validate updated category name",
              "fullTitle": "Update Category Validate updated category name",
              "timedOut": false,
              "duration": 71,
              "state": "passed",
              "speed": "medium",
              "pass": true,
              "fail": false,
              "pending": false,
              "context": null,
              "code": "const response = await updateCategory(categoryId, accessToken, updateCategories);\nexpect(response.body.data).to.have.property('name').to.equal(updateCategories.name);",
              "err": {},
              "uuid": "22ec1a41-b138-4338-b197-dc893ba6944d",
              "parentUUID": "71311462-6bb7-40e3-a29e-4e9cc7b92d10",
              "isHook": false,
              "skipped": false
            }
          ],
          "suites": [],
          "passes": [
            "9efc5d8a-6041-455e-8739-dcbf4bcbcd40",
            "22ec1a41-b138-4338-b197-dc893ba6944d"
          ],
          "failures": [],
          "pending": [],
          "skipped": [],
          "duration": 130,
          "root": false,
          "rootEmpty": false,
          "_timeout": 2000
        },
        {
          "uuid": "8e2aadee-a251-42f5-b770-5a0d1ff53fb0",
          "title": "Negative Case - Update Category",
          "fullFile": "C:\\Users\\RYZEN 5\\Karir\\Belajar\\Sanber\\QA Automation\\pekanan4-api-automation\\suites\\testCategories.js",
          "file": "\\suites\\testCategories.js",
          "beforeHooks": [],
          "afterHooks": [],
          "tests": [
            {
              "title": "Display invalid data response",
              "fullTitle": "Negative Case - Update Category Display invalid data response",
              "timedOut": false,
              "duration": 59,
              "state": "passed",
              "speed": "medium",
              "pass": true,
              "fail": false,
              "pending": false,
              "context": null,
              "code": "const invalidupdateCategories = {}; \nconst response = await updateCategory(categoryId, accessToken, invalidupdateCategories);\nexpect(response.status).to.equal(400);",
              "err": {},
              "uuid": "fc02e272-dca4-4b82-aca0-143fec3f17ae",
              "parentUUID": "8e2aadee-a251-42f5-b770-5a0d1ff53fb0",
              "isHook": false,
              "skipped": false
            }
          ],
          "suites": [],
          "passes": [
            "fc02e272-dca4-4b82-aca0-143fec3f17ae"
          ],
          "failures": [],
          "pending": [],
          "skipped": [],
          "duration": 59,
          "root": false,
          "rootEmpty": false,
          "_timeout": 2000
        },
        {
          "uuid": "20136b11-5d77-4188-beb9-3d0e0cc77306",
          "title": "Delete Category",
          "fullFile": "C:\\Users\\RYZEN 5\\Karir\\Belajar\\Sanber\\QA Automation\\pekanan4-api-automation\\suites\\testCategories.js",
          "file": "\\suites\\testCategories.js",
          "beforeHooks": [],
          "afterHooks": [],
          "tests": [
            {
              "title": "Delete category Success ( Response 200 )",
              "fullTitle": "Delete Category Delete category Success ( Response 200 )",
              "timedOut": false,
              "duration": 60,
              "state": "passed",
              "speed": "medium",
              "pass": true,
              "fail": false,
              "pending": false,
              "context": null,
              "code": "const response = await deleteCategory(categoryId, accessToken);\nexpect(response.status).to.equal(200);\nexpect(response.body).to.have.property('data').to.deep.equal({});",
              "err": {},
              "uuid": "2c32f2ef-dbe1-4611-b9fc-faf67a39fd46",
              "parentUUID": "20136b11-5d77-4188-beb9-3d0e0cc77306",
              "isHook": false,
              "skipped": false
            },
            {
              "title": "Validate data is empty",
              "fullTitle": "Delete Category Validate data is empty",
              "timedOut": false,
              "duration": 56,
              "state": "passed",
              "speed": "medium",
              "pass": true,
              "fail": false,
              "pending": false,
              "context": null,
              "code": "const response = await deleteCategory(categoryId, accessToken);\nexpect(response.body).to.have.property('data').to.deep.equal({});",
              "err": {},
              "uuid": "4f66b3c7-aa76-4bd1-8aed-a29cc982ba79",
              "parentUUID": "20136b11-5d77-4188-beb9-3d0e0cc77306",
              "isHook": false,
              "skipped": false
            }
          ],
          "suites": [],
          "passes": [
            "2c32f2ef-dbe1-4611-b9fc-faf67a39fd46",
            "4f66b3c7-aa76-4bd1-8aed-a29cc982ba79"
          ],
          "failures": [],
          "pending": [],
          "skipped": [],
          "duration": 116,
          "root": false,
          "rootEmpty": false,
          "_timeout": 2000
        },
        {
          "uuid": "576d5d55-98b0-4059-8f3d-5ca3f942c98d",
          "title": "Negative Case - Delete Category",
          "fullFile": "C:\\Users\\RYZEN 5\\Karir\\Belajar\\Sanber\\QA Automation\\pekanan4-api-automation\\suites\\testCategories.js",
          "file": "\\suites\\testCategories.js",
          "beforeHooks": [],
          "afterHooks": [],
          "tests": [
            {
              "title": "Display invalid data response",
              "fullTitle": "Negative Case - Delete Category Display invalid data response",
              "timedOut": false,
              "duration": 62,
              "state": "passed",
              "speed": "medium",
              "pass": true,
              "fail": false,
              "pending": false,
              "context": null,
              "code": "const nonExistentCategoryId = 'non_existent_customer_id';\nconst response = await deleteCategory(nonExistentCategoryId, accessToken);\nexpect(response.status).to.equal(404);",
              "err": {},
              "uuid": "eaab4e37-32ed-455d-94e9-bcf3f1d8a5c8",
              "parentUUID": "576d5d55-98b0-4059-8f3d-5ca3f942c98d",
              "isHook": false,
              "skipped": false
            }
          ],
          "suites": [],
          "passes": [
            "eaab4e37-32ed-455d-94e9-bcf3f1d8a5c8"
          ],
          "failures": [],
          "pending": [],
          "skipped": [],
          "duration": 62,
          "root": false,
          "rootEmpty": false,
          "_timeout": 2000
        }
      ],
      "passes": [],
      "failures": [],
      "pending": [],
      "skipped": [],
      "duration": 0,
      "root": true,
      "rootEmpty": true,
      "_timeout": 2000
    }
  ],
  "meta": {
    "mocha": {
      "version": "10.2.0"
    },
    "mochawesome": {
      "options": {
        "quiet": false,
        "reportFilename": "mochawesome",
        "saveHtml": true,
        "saveJson": true,
        "consoleReporter": "spec",
        "useInlineDiffs": false,
        "code": true
      },
      "version": "7.1.3"
    },
    "marge": {
      "options": null,
      "version": "6.2.0"
    }
  }
}